<?xml version="1.0" encoding="UTF-8"?>
<!-- Generated by org.testng.reporters.JUnitReportReporter -->
<testsuite hostname="Z422" failures="0" tests="1" name="CreateOrgTest.CreateOrgTest" time="0.042" errors="0" timestamp="2022-03-15T12:06:14 IST" skipped="0">
  <testcase classname="CreateOrgTest.CreateOrgTest" name="orgTest" time="0.042"/>
  <system-out/>
</testsuite> <!-- CreateOrgTest.CreateOrgTest -->
