<?xml version="1.0" encoding="UTF-8"?>
<!-- Generated by org.testng.reporters.JUnitReportReporter -->
<testsuite hostname="Z422" failures="0" tests="1" name="CreateContactTest.PracticePrameterTest" time="0.094" errors="0" timestamp="2022-03-16T09:25:43 IST" skipped="0">
  <testcase classname="CreateContactTest.PracticePrameterTest" name="Practice" time="0.094"/>
  <system-out/>
</testsuite> <!-- CreateContactTest.PracticePrameterTest -->
